2026-02-16 23:47:03,556 INFO authentication.services OTP requested for email (masked); resend count incremented.
2026-02-17 00:01:02,937 INFO authentication.tasks OTP for 5773: 532325 (dev mode)
2026-02-17 00:01:03,087 INFO authentication.services OTP requested for phone (masked); resend count incremented.
2026-02-17 00:01:28,366 INFO authentication.services User 5 phone updated to 881330715773.2026-02-19 19:48:27,663 INFO authentication.services OTP requested for email (masked); resend count incremented.
2026-02-19 20:47:50,581 INFO authentication.services OTP requested for email (masked); resend count incremented.
2026-02-19 21:34:36,913 INFO authentication.services OTP requested for email (masked); resend count incremented.
2026-02-19 21:38:24,699 INFO authentication.services OTP requested for email (masked); resend count incremented.
2026-02-20 07:44:44,892 WARNING authentication.tasks Password reset email failed: [WinError 10061] No connection could be made because the target machine actively refused it
2026-02-20 07:44:49,350 WARNING authentication.tasks Password reset email failed: [WinError 10061] No connection could be made because the target machine actively refused it
2026-02-20 07:44:53,444 WARNING authentication.tasks Password reset email failed: [WinError 10061] No connection could be made because the target machine actively refused it
2026-02-20 07:44:57,537 WARNING authentication.tasks Password reset email failed: [WinError 10061] No connection could be made because the target machine actively refused it
2026-02-23 13:57:27,727 INFO authentication.services OTP requested for email (masked); resend count incremented.
2026-02-23 13:58:21,548 INFO authentication.tasks OTP for 5773: 744226 (dev mode)
2026-02-23 13:58:21,548 INFO authentication.services OTP requested for phone (masked); resend count incremented.
2026-02-23 13:58:49,873 INFO authentication.services User 1 phone updated to 881330715773.
2026-02-23 14:48:54,000 INFO authentication.services OTP requested for email (masked); resend count incremented.
2026-02-23 14:49:51,972 INFO authentication.tasks OTP for 5772: 398252 (dev mode)
2026-02-23 14:49:51,978 INFO authentication.services OTP requested for phone (masked); resend count incremented.
2026-02-23 14:50:06,855 INFO authentication.services User 2 phone updated to 881330715772.
2026-02-23 20:51:14,189 INFO authentication.services OTP requested for email (masked); resend count incremented.
2026-02-23 20:51:34,034 INFO authentication.services OTP requested for email (masked); resend count incremented.
2026-02-23 20:52:59,917 INFO authentication.tasks OTP for 5778: 208332 (dev mode)
2026-02-23 20:52:59,917 INFO authentication.services OTP requested for phone (masked); resend count incremented.
2026-02-23 20:53:13,692 INFO authentication.services User 3 phone updated to 881330715778.
